2024-03-08 19:17:06.575 [info] Experiment 'pythonRecommendTensorboardExt' is active
2024-03-08 19:17:06.575 [info] Experiment 'pythonREPLSmartSend' is active
2024-03-08 19:17:06.575 [info] Experiment 'pythonTerminalEnvVarActivation' is active
2024-03-08 19:17:06.575 [info] Experiment 'pythonTestAdapter' is active
2024-03-08 19:17:06.615 [info] Default formatter is set to null for workspace /home/rb/python
2024-03-08 19:17:06.645 [info] Test server listening.
2024-03-08 19:17:06.646 [info] Python interpreter path: /bin/python3
2024-03-08 19:17:08.727 [info] Starting Pylance language server.
2024-03-08 19:29:31.306 [info] Discover tests for workspace name: python - uri: /home/rb/python/main.py
2024-03-08 19:29:37.818 [info] Discover tests for workspace name: python - uri: /home/rb/python/main.py
2024-03-08 19:29:40.732 [info] Discover tests for workspace name: python - uri: /home/rb/python/main.py
2024-03-08 19:29:46.206 [info] Discover tests for workspace name: python - uri: /home/rb/python/main.py
2024-03-08 19:29:49.742 [info] Discover tests for workspace name: python - uri: /home/rb/python/main.py
2024-03-08 19:29:51.545 [info] Discover tests for workspace name: python - uri: /home/rb/python/main.py
2024-03-08 19:29:54.461 [info] Discover tests for workspace name: python - uri: /home/rb/python/main.py
2024-03-08 19:29:58.040 [info] Discover tests for workspace name: python - uri: /home/rb/python/main.py
2024-03-08 19:29:59.806 [info] Discover tests for workspace name: python - uri: /home/rb/python/main.py
2024-03-08 19:30:03.928 [info] Discover tests for workspace name: python - uri: /home/rb/python/main.py
2024-03-08 19:31:12.014 [info] Discover tests for workspace name: python - uri: /home/rb/python/main.py
2024-03-08 19:31:15.580 [info] Discover tests for workspace name: python - uri: /home/rb/python/main.py
2024-03-08 19:31:17.449 [info] Discover tests for workspace name: python - uri: /home/rb/python/main.py
2024-03-08 19:31:24.320 [info] Discover tests for workspace name: python - uri: /home/rb/python/main.py
2024-03-08 19:31:33.929 [info] Discover tests for workspace name: python - uri: /home/rb/python/main.py
2024-03-08 19:31:38.390 [info] Discover tests for workspace name: python - uri: /home/rb/python/main.py
2024-03-08 19:31:40.663 [info] Discover tests for workspace name: python - uri: /home/rb/python/main.py
2024-03-08 19:31:43.313 [info] Discover tests for workspace name: python - uri: /home/rb/python/main.py
2024-03-08 19:31:46.067 [info] Discover tests for workspace name: python - uri: /home/rb/python/main.py
2024-03-08 19:31:50.723 [info] Discover tests for workspace name: python - uri: /home/rb/python/main.py
2024-03-08 19:32:02.998 [info] Send text to terminal: /bin/python3 /home/rb/python/main.py
2024-03-08 19:32:14.338 [info] Discover tests for workspace name: python - uri: /home/rb/python/main.py
2024-03-08 19:32:16.392 [info] Send text to terminal: /bin/python3 /home/rb/python/main.py
2024-03-08 19:32:40.416 [info] Discover tests for workspace name: python - uri: /home/rb/python/main.py
2024-03-08 19:32:43.056 [info] Discover tests for workspace name: python - uri: /home/rb/python/main.py
2024-03-08 19:32:44.628 [info] Send text to terminal: /bin/python3 /home/rb/python/main.py
2024-03-08 19:33:01.006 [info] Discover tests for workspace name: python - uri: /home/rb/python/main.py
2024-03-08 19:33:03.860 [info] Discover tests for workspace name: python - uri: /home/rb/python/main.py
2024-03-08 19:33:05.255 [info] Send text to terminal: /bin/python3 /home/rb/python/main.py
2024-03-08 19:33:13.717 [info] Discover tests for workspace name: python - uri: /home/rb/python/main.py
2024-03-08 19:33:16.575 [info] Discover tests for workspace name: python - uri: /home/rb/python/main.py
2024-03-08 19:33:17.631 [info] Send text to terminal: /bin/python3 /home/rb/python/main.py
2024-03-08 19:33:30.392 [info] Send text to terminal: /bin/python3 /home/rb/python/main.py
