2024-03-16 12:44:39.057 [error] [uncaught exception in sharedProcess]: Event not found: onDidChange: CodeExpectedError: Event not found: onDidChange
    at Object.listen (/usr/share/code/resources/app/out/vs/code/node/sharedProcess/sharedProcessMain.js:45:4960)
    at E.t (/usr/share/code/resources/app/out/vs/code/node/sharedProcess/sharedProcessMain.js:44:251)
    at E.q (/usr/share/code/resources/app/out/vs/code/node/sharedProcess/sharedProcessMain.js:43:4371)
    at y.value (/usr/share/code/resources/app/out/vs/code/node/sharedProcess/sharedProcessMain.js:43:3602)
    at d.y (/usr/share/code/resources/app/out/vs/code/node/sharedProcess/sharedProcessMain.js:38:1902)
    at d.z (/usr/share/code/resources/app/out/vs/code/node/sharedProcess/sharedProcessMain.js:38:1972)
    at d.fire (/usr/share/code/resources/app/out/vs/code/node/sharedProcess/sharedProcessMain.js:38:2188)
    at MessagePortMain.fe (/usr/share/code/resources/app/out/vs/code/node/sharedProcess/sharedProcessMain.js:36:30382)
    at MessagePortMain.emit (node:events:514:28)
    at Object.emit (node:electron/js2c/utility_init:2:2285)
2024-03-16 12:44:40.695 [info] Getting Manifest... antfu.theme-vitesse
2024-03-16 12:44:40.697 [info] Getting Manifest... ms-python.vscode-pylance
2024-03-16 12:44:40.781 [info] Installing extension: ms-python.vscode-pylance
2024-03-16 12:44:40.782 [info] Installing extension: antfu.theme-vitesse
2024-03-16 12:44:41.350 [info] Getting Manifest... ms-python.python
2024-03-16 12:44:43.800 [info] Extension signature is verified: antfu.theme-vitesse
2024-03-16 12:44:43.953 [info] Extracted extension to file:///home/rb/.vscode/extensions/antfu.theme-vitesse-0.7.7: antfu.theme-vitesse
2024-03-16 12:44:43.969 [info] Renamed to /home/rb/.vscode/extensions/antfu.theme-vitesse-0.7.7
2024-03-16 12:44:43.971 [info] Extracting extension completed. antfu.theme-vitesse
2024-03-16 12:44:43.991 [info] Extension installed successfully: antfu.theme-vitesse
2024-03-16 12:44:44.001 [info] Marked extension as uninstalled antfu.theme-vitesse-0.7.6
2024-03-16 12:44:44.019 [error] [uncaught exception in sharedProcess]: Error: ENOENT: no such file or directory, stat '/home/rb/.vscode/extensions/extensions.json.vsctmp': EntryNotFound (FileSystemError): Error: ENOENT: no such file or directory, stat '/home/rb/.vscode/extensions/extensions.json.vsctmp'
    at r.create (/usr/share/code/resources/app/out/vs/code/node/sharedProcess/sharedProcessMain.js:51:30083)
    at a (/usr/share/code/resources/app/out/vs/code/node/sharedProcess/sharedProcessMain.js:51:30198)
    at i.fb (/usr/share/code/resources/app/out/vs/code/node/sharedProcess/sharedProcessMain.js:56:36634)
    at i.stat (/usr/share/code/resources/app/out/vs/code/node/sharedProcess/sharedProcessMain.js:56:29080)
    at async v.stat (/usr/share/code/resources/app/out/vs/code/node/sharedProcess/sharedProcessMain.js:56:16226)
    at async X.sb (/usr/share/code/resources/app/out/vs/code/node/sharedProcess/sharedProcessMain.js:102:107729)
2024-03-16 12:44:44.227 [info] Extension signature is verified: ms-python.vscode-pylance
2024-03-16 12:44:50.528 [info] Extracted extension to file:///home/rb/.vscode/extensions/ms-python.vscode-pylance-2024.3.1: ms-python.vscode-pylance
2024-03-16 12:44:50.543 [info] Renamed to /home/rb/.vscode/extensions/ms-python.vscode-pylance-2024.3.1
2024-03-16 12:44:50.546 [info] Extracting extension completed. ms-python.vscode-pylance
2024-03-16 12:44:50.557 [info] Extension installed successfully: ms-python.vscode-pylance
2024-03-16 12:44:50.562 [info] Marked extension as uninstalled ms-python.vscode-pylance-2024.2.3
2024-03-16 12:44:50.657 [error] [uncaught exception in sharedProcess]: Error: ENOENT: no such file or directory, stat '/home/rb/.vscode/extensions/extensions.json.vsctmp': EntryNotFound (FileSystemError): Error: ENOENT: no such file or directory, stat '/home/rb/.vscode/extensions/extensions.json.vsctmp'
    at r.create (/usr/share/code/resources/app/out/vs/code/node/sharedProcess/sharedProcessMain.js:51:30083)
    at a (/usr/share/code/resources/app/out/vs/code/node/sharedProcess/sharedProcessMain.js:51:30198)
    at i.fb (/usr/share/code/resources/app/out/vs/code/node/sharedProcess/sharedProcessMain.js:56:36634)
    at i.stat (/usr/share/code/resources/app/out/vs/code/node/sharedProcess/sharedProcessMain.js:56:29080)
    at async v.stat (/usr/share/code/resources/app/out/vs/code/node/sharedProcess/sharedProcessMain.js:56:16226)
    at async X.sb (/usr/share/code/resources/app/out/vs/code/node/sharedProcess/sharedProcessMain.js:102:107729)
