2024-03-16 12:44:37.294 [info] Using settings sync service https://vscode-sync.trafficmanager.net/
2024-03-16 12:44:37.294 [info] Auto Sync is enabled.
2024-03-16 12:44:37.294 [info] Auto Sync: Suspended until auth token is available.
2024-03-16 12:44:37.850 [info] Deleting non existing profile from backup /home/rb/.config/Code/User/sync/extensions
2024-03-16 12:44:37.857 [info] Deleting non existing profile from backup /home/rb/.config/Code/User/sync/globalState
2024-03-16 12:44:37.875 [info] Deleting non existing profile from backup /home/rb/.config/Code/User/sync/keybindings
2024-03-16 12:44:37.883 [info] Deleting non existing profile from backup /home/rb/.config/Code/User/sync/profiles
2024-03-16 12:44:37.901 [info] Deleting non existing profile from backup /home/rb/.config/Code/User/sync/settings
2024-03-16 12:44:37.941 [info] Deleting non existing profile from backup /home/rb/.config/Code/User/sync/snippets
2024-03-16 12:44:37.942 [info] Deleting non existing profile from backup /home/rb/.config/Code/User/sync/tasks
2024-03-16 12:44:40.732 [info] Auto Sync: Triggered by Interval
2024-03-16 12:44:40.732 [info] Sync started.
2024-03-16 12:44:40.957 [info] Settings: Last sync resource does not exist locally.
2024-03-16 12:44:41.185 [info] Settings: No changes found during synchronizing settings.
2024-03-16 12:44:41.221 [info] Keybindings: Last sync resource does not exist locally.
2024-03-16 12:44:41.377 [info] Keybindings: No changes found during synchronizing keybindings.
2024-03-16 12:44:41.409 [info] Snippets: Last sync resource does not exist locally.
2024-03-16 12:44:41.538 [info] Snippets: No changes found during synchronizing snippets.
2024-03-16 12:44:41.575 [info] Tasks: Last sync resource does not exist locally.
2024-03-16 12:44:41.636 [info] Tasks: No changes found during synchronizing tasks.
2024-03-16 12:44:41.639 [info] GlobalState: Last sync resource does not exist locally.
2024-03-16 12:44:41.863 [info] GlobalState: Updated remote ui state. Updated: nps/lastSessionDate,nps/sessionCount,cpp.1.lastSessionDate,cpp.1.sessionCount,java.2.lastSessionDate,java.2.sessionCount,javascript.1.lastSessionDate,javascript.1.sessionCount,typescript.1.lastSessionDate,typescript.1.sessionCount,csharp.1.lastSessionDate,csharp.1.sessionCount.
2024-03-16 12:44:41.870 [info] GlobalState: Updated last synchronized ui state
2024-03-16 12:44:41.872 [info] Extensions: Last sync resource does not exist locally.
2024-03-16 12:44:42.209 [info] Extensions: No changes found during synchronizing extensions.
2024-03-16 12:44:42.209 [info] Profiles: Last sync resource does not exist locally.
2024-03-16 12:44:42.308 [info] Profiles: No changes found during synchronizing profiles.
2024-03-16 12:44:42.312 [info] Sync done. Took 1581ms
2024-03-16 12:45:32.498 [info] Auto Sync: Triggered by Activity
2024-03-16 12:45:32.498 [info] Sync started.
2024-03-16 12:45:32.542 [info] Settings: No changes found during synchronizing settings.
2024-03-16 12:45:32.546 [info] Keybindings: No changes found during synchronizing keybindings.
2024-03-16 12:45:32.549 [info] Snippets: No changes found during synchronizing snippets.
2024-03-16 12:45:32.553 [info] Tasks: No changes found during synchronizing tasks.
2024-03-16 12:45:32.556 [info] GlobalState: No changes found during synchronizing ui state.
2024-03-16 12:45:32.661 [info] Extensions: No changes found during synchronizing extensions.
2024-03-16 12:45:32.664 [info] Profiles: No changes found during synchronizing profiles.
2024-03-16 12:45:32.666 [info] Sync done. Took 168ms
2024-03-16 12:47:16.823 [info] Auto Sync: Triggered by Activity
2024-03-16 12:47:16.824 [info] Sync started.
2024-03-16 12:47:17.027 [info] Settings: No changes found during synchronizing settings.
2024-03-16 12:47:17.032 [info] Keybindings: No changes found during synchronizing keybindings.
2024-03-16 12:47:17.035 [info] Snippets: No changes found during synchronizing snippets.
2024-03-16 12:47:17.037 [info] Tasks: No changes found during synchronizing tasks.
2024-03-16 12:47:17.040 [info] GlobalState: No changes found during synchronizing ui state.
2024-03-16 12:47:17.145 [info] Extensions: No changes found during synchronizing extensions.
2024-03-16 12:47:17.147 [info] Profiles: No changes found during synchronizing profiles.
2024-03-16 12:47:17.148 [info] Sync done. Took 325ms
