2024-03-08 13:34:01.318 [info] Using settings sync service https://vscode-sync.trafficmanager.net/
2024-03-08 13:34:01.318 [info] Auto Sync is disabled.
2024-03-08 13:35:54.420 [info] Sync started.
2024-03-08 13:35:54.519 [info] Did reset the local sync state.
2024-03-08 13:35:54.528 [info] Settings: Migrating last sync user data. Resource does not exist.
2024-03-08 13:35:54.528 [info] Settings: Last sync data state does not exist.
2024-03-08 13:35:54.569 [info] Settings: Migrating last sync user data. Resource does not exist.
2024-03-08 13:35:54.569 [info] Settings: Last sync data state does not exist.
2024-03-08 13:35:54.645 [info] Keybindings: Migrating last sync user data. Resource does not exist.
2024-03-08 13:35:54.645 [info] Keybindings: Last sync data state does not exist.
2024-03-08 13:35:54.697 [info] Snippets: Migrating last sync user data. Resource does not exist.
2024-03-08 13:35:54.697 [info] Snippets: Last sync data state does not exist.
2024-03-08 13:35:54.736 [info] Tasks: Migrating last sync user data. Resource does not exist.
2024-03-08 13:35:54.737 [info] Tasks: Last sync data state does not exist.
2024-03-08 13:35:54.773 [info] GlobalState: Migrating last sync user data. Resource does not exist.
2024-03-08 13:35:54.773 [info] GlobalState: Last sync data state does not exist.
2024-03-08 13:35:54.776 [info] GlobalState: Migrating last sync user data. Resource does not exist.
2024-03-08 13:35:54.776 [info] GlobalState: Last sync data state does not exist.
2024-03-08 13:35:54.841 [info] Extensions: Migrating last sync user data. Resource does not exist.
2024-03-08 13:35:54.841 [info] Extensions: Last sync data state does not exist.
2024-03-08 13:35:55.004 [info] Profiles: Migrating last sync user data. Resource does not exist.
2024-03-08 13:35:55.004 [info] Profiles: Last sync data state does not exist.
2024-03-08 13:35:55.040 [info] Profiles: Migrating last sync user data. Resource does not exist.
2024-03-08 13:35:55.040 [info] Profiles: Last sync data state does not exist.
2024-03-08 13:35:55.052 [info] Settings: Updated local settings
2024-03-08 13:35:55.056 [info] Settings: Updated last synchronized settings
2024-03-08 13:35:55.058 [info] Keybindings: No changes found during synchronizing keybindings.
2024-03-08 13:35:55.064 [info] Keybindings: Updated last synchronized keybindings
2024-03-08 13:35:55.071 [info] Snippets: No changes found during synchronizing snippets.
2024-03-08 13:35:55.075 [info] Snippets: Updated last synchronized snippets
2024-03-08 13:35:55.076 [info] Tasks: No changes found during synchronizing tasks.
2024-03-08 13:35:55.081 [info] Tasks: Updated last synchronized tasks
2024-03-08 13:35:55.090 [info] GlobalState: Updated global state ["nps/lastSessionDate","nps/sessionCount","~remote.forwardedPortsContainer.hidden","workbench.panel.alignment","workbench.welcomePage.hiddenCategories","workbench.view.extensions.state.hidden","fileBasedRecommendations/promptedRecommendations","workbench.welcomePage.walkthroughMetadata","workbench.view.extension.test.state.hidden","commandPalette.mru.cache","commandPalette.mru.counter","ces/skipSurvey","terminal.integrated.showTerminalConfigPrompt","cpp.1.lastSessionDate","cpp.1.sessionCount","java.2.lastSessionDate","java.2.sessionCount","javascript.1.lastSessionDate","javascript.1.sessionCount","typescript.1.lastSessionDate","typescript.1.sessionCount","csharp.1.lastSessionDate","csharp.1.sessionCount","extensionsAssistant/deprecated","workbench.explorer.views.state.hidden","colorThemeData","memento/gettingStartedService"]
2024-03-08 13:35:55.090 [info] GlobalState: Updated local ui state
2024-03-08 13:35:55.094 [info] GlobalState: Updated last synchronized ui state
2024-03-08 13:36:12.899 [info] Extensions: Installed extension. github.github-vscode-theme 6.3.4
2024-03-08 13:36:12.900 [info] Extensions: Installed extension. ms-vscode.cpptools-themes 2.0.0
2024-03-08 13:36:12.900 [info] Extensions: Installed extension. antfu.theme-vitesse 0.7.6
2024-03-08 13:36:12.900 [info] Extensions: Installed extension. equinusocio.vsc-community-material-theme 1.4.7
2024-03-08 13:36:12.900 [info] Extensions: Installed extension. teabyii.ayu 1.0.5
2024-03-08 13:36:12.900 [info] Extensions: Installed extension. equinusocio.vsc-material-theme 34.3.1
2024-03-08 13:36:12.901 [info] Extensions: Installed extension. s-nlf-fh.glassit 0.2.6
2024-03-08 13:36:12.901 [info] Extensions: Installed extension. ms-python.debugpy 2024.2.0
2024-03-08 13:36:12.901 [info] Extensions: Installed extension. vscode-icons-team.vscode-icons 12.7.0
2024-03-08 13:36:12.901 [info] Extensions: Installed extension. ms-python.python 2024.2.1
2024-03-08 13:36:12.901 [info] Extensions: Installed extension. equinusocio.vsc-material-theme-icons 3.5.0
2024-03-08 13:36:12.902 [info] Extensions: Installed extension. ms-python.vscode-pylance 2024.2.3
2024-03-08 13:36:12.906 [info] Extensions: Updated last synchronized extensions.
2024-03-08 13:36:12.908 [info] Profiles: No changes found during synchronizing profiles.
2024-03-08 13:36:12.915 [info] Profiles: Updated last synchronized profiles.
2024-03-08 13:36:12.917 [info] Sync done. Took 18497ms
2024-03-08 13:36:12.945 [info] Auto Sync: Triggered by Interval
2024-03-08 13:36:12.946 [info] Sync started.
2024-03-08 13:36:13.164 [info] Settings: No changes found during synchronizing settings.
2024-03-08 13:36:13.174 [info] Keybindings: No changes found during synchronizing keybindings.
2024-03-08 13:36:13.179 [info] Snippets: No changes found during synchronizing snippets.
2024-03-08 13:36:13.197 [info] Tasks: No changes found during synchronizing tasks.
2024-03-08 13:36:13.315 [info] GlobalState: Updated remote ui state. Updated: memento/gettingStartedService.
2024-03-08 13:36:13.321 [info] GlobalState: Updated last synchronized ui state
2024-03-08 13:36:13.468 [info] Extensions: No changes found during synchronizing extensions.
2024-03-08 13:36:13.472 [info] Profiles: No changes found during synchronizing profiles.
2024-03-08 13:36:13.480 [info] Sync done. Took 533ms
2024-03-08 13:36:17.020 [info] Auto Sync: Triggered by Activity
2024-03-08 13:36:17.020 [info] Sync started.
2024-03-08 13:36:17.050 [info] Settings: No changes found during synchronizing settings.
2024-03-08 13:36:17.054 [info] Keybindings: No changes found during synchronizing keybindings.
2024-03-08 13:36:17.057 [info] Snippets: No changes found during synchronizing snippets.
2024-03-08 13:36:17.060 [info] Tasks: No changes found during synchronizing tasks.
2024-03-08 13:36:17.151 [info] GlobalState: Updated remote ui state. Updated: memento/gettingStartedService,workbench.welcomePage.walkthroughMetadata.
2024-03-08 13:36:17.154 [info] GlobalState: Updated last synchronized ui state
2024-03-08 13:36:17.237 [info] Extensions: No changes found during synchronizing extensions.
2024-03-08 13:36:17.239 [info] Profiles: No changes found during synchronizing profiles.
2024-03-08 13:36:17.241 [info] Sync done. Took 221ms
2024-03-08 13:36:21.297 [info] Auto Sync: Triggered by Activity
2024-03-08 13:36:21.298 [info] Sync started.
2024-03-08 13:36:21.404 [info] Settings: Updated remote settings
2024-03-08 13:36:21.408 [info] Settings: Updated last synchronized settings
2024-03-08 13:36:21.411 [info] Keybindings: No changes found during synchronizing keybindings.
2024-03-08 13:36:21.413 [info] Snippets: No changes found during synchronizing snippets.
2024-03-08 13:36:21.416 [info] Tasks: No changes found during synchronizing tasks.
2024-03-08 13:36:21.418 [info] GlobalState: No changes found during synchronizing ui state.
2024-03-08 13:36:21.496 [info] Extensions: No changes found during synchronizing extensions.
2024-03-08 13:36:21.498 [info] Profiles: No changes found during synchronizing profiles.
2024-03-08 13:36:21.499 [info] Sync done. Took 202ms
2024-03-08 13:36:36.430 [info] Auto Sync: Triggered by Activity
2024-03-08 13:36:36.431 [info] Sync started.
2024-03-08 13:36:36.472 [info] Settings: No changes found during synchronizing settings.
2024-03-08 13:36:36.474 [info] Keybindings: No changes found during synchronizing keybindings.
2024-03-08 13:36:36.483 [info] Snippets: No changes found during synchronizing snippets.
2024-03-08 13:36:36.488 [info] Tasks: No changes found during synchronizing tasks.
2024-03-08 13:36:36.593 [info] GlobalState: Updated remote ui state. Updated: memento/gettingStartedService.
2024-03-08 13:36:36.597 [info] GlobalState: Updated last synchronized ui state
2024-03-08 13:36:36.752 [info] Extensions: No changes found during synchronizing extensions.
2024-03-08 13:36:36.753 [info] Profiles: No changes found during synchronizing profiles.
2024-03-08 13:36:36.755 [info] Sync done. Took 324ms
2024-03-08 13:36:43.137 [info] Auto Sync: Triggered by Activity
2024-03-08 13:36:43.137 [info] Sync started.
2024-03-08 13:36:43.171 [info] Settings: No changes found during synchronizing settings.
2024-03-08 13:36:43.173 [info] Keybindings: No changes found during synchronizing keybindings.
2024-03-08 13:36:43.176 [info] Snippets: No changes found during synchronizing snippets.
2024-03-08 13:36:43.178 [info] Tasks: No changes found during synchronizing tasks.
2024-03-08 13:36:43.283 [info] GlobalState: Updated remote ui state. Updated: memento/gettingStartedService.
2024-03-08 13:36:43.287 [info] GlobalState: Updated last synchronized ui state
2024-03-08 13:36:43.387 [info] Extensions: No changes found during synchronizing extensions.
2024-03-08 13:36:43.389 [info] Profiles: No changes found during synchronizing profiles.
2024-03-08 13:36:43.390 [info] Sync done. Took 254ms
2024-03-08 13:36:53.974 [info] Auto Sync: Triggered by Activity
2024-03-08 13:36:53.975 [info] Sync started.
2024-03-08 13:36:54.009 [info] Settings: No changes found during synchronizing settings.
2024-03-08 13:36:54.012 [info] Keybindings: No changes found during synchronizing keybindings.
2024-03-08 13:36:54.016 [info] Snippets: No changes found during synchronizing snippets.
2024-03-08 13:36:54.018 [info] Tasks: No changes found during synchronizing tasks.
2024-03-08 13:36:54.104 [info] GlobalState: Updated remote ui state. Updated: memento/gettingStartedService.
2024-03-08 13:36:54.109 [info] GlobalState: Updated last synchronized ui state
2024-03-08 13:36:54.202 [info] Extensions: No changes found during synchronizing extensions.
2024-03-08 13:36:54.204 [info] Profiles: No changes found during synchronizing profiles.
2024-03-08 13:36:54.206 [info] Sync done. Took 231ms
2024-03-08 13:37:00.876 [info] Auto Sync: Triggered by Activity
2024-03-08 13:37:00.876 [info] Sync started.
2024-03-08 13:37:00.940 [info] Settings: No changes found during synchronizing settings.
2024-03-08 13:37:00.943 [info] Keybindings: No changes found during synchronizing keybindings.
2024-03-08 13:37:00.946 [info] Snippets: No changes found during synchronizing snippets.
2024-03-08 13:37:00.948 [info] Tasks: No changes found during synchronizing tasks.
2024-03-08 13:37:01.037 [info] GlobalState: Updated remote ui state. Updated: memento/gettingStartedService.
2024-03-08 13:37:01.040 [info] GlobalState: Updated last synchronized ui state
2024-03-08 13:37:01.119 [info] Extensions: No changes found during synchronizing extensions.
2024-03-08 13:37:01.120 [info] Profiles: No changes found during synchronizing profiles.
2024-03-08 13:37:01.122 [info] Sync done. Took 246ms
2024-03-08 13:37:05.978 [info] Auto Sync: Triggered by Activity
2024-03-08 13:37:05.978 [info] Sync started.
2024-03-08 13:37:06.010 [info] Settings: No changes found during synchronizing settings.
2024-03-08 13:37:06.013 [info] Keybindings: No changes found during synchronizing keybindings.
2024-03-08 13:37:06.016 [info] Snippets: No changes found during synchronizing snippets.
2024-03-08 13:37:06.018 [info] Tasks: No changes found during synchronizing tasks.
2024-03-08 13:37:06.112 [info] GlobalState: Updated remote ui state. Updated: memento/gettingStartedService,workbench.welcomePage.hiddenCategories.
2024-03-08 13:37:06.116 [info] GlobalState: Updated last synchronized ui state
2024-03-08 13:37:06.191 [info] Extensions: No changes found during synchronizing extensions.
2024-03-08 13:37:06.193 [info] Profiles: No changes found during synchronizing profiles.
2024-03-08 13:37:06.195 [info] Sync done. Took 217ms
2024-03-08 13:37:16.787 [info] Auto Sync: Triggered by Activity
2024-03-08 13:37:16.787 [info] Sync started.
2024-03-08 13:37:16.824 [info] Settings: No changes found during synchronizing settings.
2024-03-08 13:37:16.827 [info] Keybindings: No changes found during synchronizing keybindings.
2024-03-08 13:37:16.830 [info] Snippets: No changes found during synchronizing snippets.
2024-03-08 13:37:16.832 [info] Tasks: No changes found during synchronizing tasks.
2024-03-08 13:37:16.934 [info] GlobalState: Updated remote ui state. Updated: workbench.welcomePage.walkthroughMetadata.
2024-03-08 13:37:16.938 [info] GlobalState: Updated last synchronized ui state
2024-03-08 13:37:17.022 [info] Extensions: No changes found during synchronizing extensions.
2024-03-08 13:37:17.024 [info] Profiles: No changes found during synchronizing profiles.
2024-03-08 13:37:17.025 [info] Sync done. Took 238ms
2024-03-08 13:37:21.059 [info] Auto Sync: Triggered by Activity
2024-03-08 13:37:21.060 [info] Sync started.
2024-03-08 13:37:21.091 [info] Settings: No changes found during synchronizing settings.
2024-03-08 13:37:21.094 [info] Keybindings: No changes found during synchronizing keybindings.
2024-03-08 13:37:21.097 [info] Snippets: No changes found during synchronizing snippets.
2024-03-08 13:37:21.100 [info] Tasks: No changes found during synchronizing tasks.
2024-03-08 13:37:21.190 [info] GlobalState: Updated remote ui state. Updated: memento/gettingStartedService.
2024-03-08 13:37:21.196 [info] GlobalState: Updated last synchronized ui state
2024-03-08 13:37:21.274 [info] Extensions: No changes found during synchronizing extensions.
2024-03-08 13:37:21.276 [info] Profiles: No changes found during synchronizing profiles.
2024-03-08 13:37:21.278 [info] Sync done. Took 218ms
2024-03-08 13:37:44.112 [info] Auto Sync: Triggered by Activity
2024-03-08 13:37:44.112 [info] Sync started.
2024-03-08 13:37:44.160 [info] Settings: No changes found during synchronizing settings.
2024-03-08 13:37:44.164 [info] Keybindings: No changes found during synchronizing keybindings.
2024-03-08 13:37:44.167 [info] Snippets: No changes found during synchronizing snippets.
2024-03-08 13:37:44.170 [info] Tasks: No changes found during synchronizing tasks.
2024-03-08 13:37:44.259 [info] GlobalState: Updated remote ui state. Updated: memento/gettingStartedService.
2024-03-08 13:37:44.264 [info] GlobalState: Updated last synchronized ui state
2024-03-08 13:37:44.366 [info] Extensions: No changes found during synchronizing extensions.
2024-03-08 13:37:44.367 [info] Profiles: No changes found during synchronizing profiles.
2024-03-08 13:37:44.369 [info] Sync done. Took 256ms
2024-03-08 13:37:56.170 [info] Auto Sync: Triggered by Activity
2024-03-08 13:37:56.170 [info] Sync started.
2024-03-08 13:37:56.203 [info] Settings: No changes found during synchronizing settings.
2024-03-08 13:37:56.206 [info] Keybindings: No changes found during synchronizing keybindings.
2024-03-08 13:37:56.209 [info] Snippets: No changes found during synchronizing snippets.
2024-03-08 13:37:56.212 [info] Tasks: No changes found during synchronizing tasks.
2024-03-08 13:37:56.314 [info] GlobalState: Updated remote ui state. Updated: memento/gettingStartedService,workbench.welcomePage.hiddenCategories.
2024-03-08 13:37:56.320 [info] GlobalState: Updated last synchronized ui state
2024-03-08 13:37:56.420 [info] Extensions: No changes found during synchronizing extensions.
2024-03-08 13:37:56.422 [info] Profiles: No changes found during synchronizing profiles.
2024-03-08 13:37:56.423 [info] Sync done. Took 254ms
2024-03-08 13:37:58.212 [info] Auto Sync: Triggered by Activity
2024-03-08 13:37:58.213 [info] Sync started.
2024-03-08 13:37:58.252 [info] Settings: No changes found during synchronizing settings.
2024-03-08 13:37:58.255 [info] Keybindings: No changes found during synchronizing keybindings.
2024-03-08 13:37:58.258 [info] Snippets: No changes found during synchronizing snippets.
2024-03-08 13:37:58.260 [info] Tasks: No changes found during synchronizing tasks.
2024-03-08 13:37:58.263 [info] GlobalState: No changes found during synchronizing ui state.
2024-03-08 13:37:58.346 [info] Extensions: No changes found during synchronizing extensions.
2024-03-08 13:37:58.347 [info] Profiles: No changes found during synchronizing profiles.
2024-03-08 13:37:58.349 [info] Sync done. Took 137ms
2024-03-08 13:38:03.106 [info] Auto Sync: Triggered by Activity
2024-03-08 13:38:03.106 [info] Sync started.
2024-03-08 13:38:03.140 [info] Settings: No changes found during synchronizing settings.
2024-03-08 13:38:03.142 [info] Keybindings: No changes found during synchronizing keybindings.
2024-03-08 13:38:03.145 [info] Snippets: No changes found during synchronizing snippets.
2024-03-08 13:38:03.148 [info] Tasks: No changes found during synchronizing tasks.
2024-03-08 13:38:03.238 [info] GlobalState: Updated remote ui state. Updated: memento/gettingStartedService.
2024-03-08 13:38:03.243 [info] GlobalState: Updated last synchronized ui state
2024-03-08 13:38:03.336 [info] Extensions: No changes found during synchronizing extensions.
2024-03-08 13:38:03.337 [info] Profiles: No changes found during synchronizing profiles.
2024-03-08 13:38:03.339 [info] Sync done. Took 232ms
2024-03-08 13:38:21.871 [info] Auto Sync: Triggered by Activity
2024-03-08 13:38:21.872 [info] Sync started.
2024-03-08 13:38:21.926 [info] Settings: No changes found during synchronizing settings.
2024-03-08 13:38:21.929 [info] Keybindings: No changes found during synchronizing keybindings.
2024-03-08 13:38:21.932 [info] Snippets: No changes found during synchronizing snippets.
2024-03-08 13:38:21.935 [info] Tasks: No changes found during synchronizing tasks.
2024-03-08 13:38:22.055 [info] GlobalState: Updated remote ui state. Updated: nps/lastSessionDate,nps/sessionCount,cpp.1.lastSessionDate,cpp.1.sessionCount,java.2.lastSessionDate,java.2.sessionCount,javascript.1.lastSessionDate,javascript.1.sessionCount,typescript.1.lastSessionDate,typescript.1.sessionCount,csharp.1.lastSessionDate,csharp.1.sessionCount.
2024-03-08 13:38:22.060 [info] GlobalState: Updated last synchronized ui state
2024-03-08 13:38:22.154 [info] Extensions: No changes found during synchronizing extensions.
2024-03-08 13:38:22.156 [info] Profiles: No changes found during synchronizing profiles.
2024-03-08 13:38:22.158 [info] Sync done. Took 286ms
2024-03-08 13:38:24.015 [info] Auto Sync: Triggered by Activity
2024-03-08 13:38:24.015 [info] Sync started.
2024-03-08 13:38:24.045 [info] Settings: No changes found during synchronizing settings.
2024-03-08 13:38:24.048 [info] Keybindings: No changes found during synchronizing keybindings.
2024-03-08 13:38:24.051 [info] Snippets: No changes found during synchronizing snippets.
2024-03-08 13:38:24.053 [info] Tasks: No changes found during synchronizing tasks.
2024-03-08 13:38:24.056 [info] GlobalState: No changes found during synchronizing ui state.
2024-03-08 13:38:24.133 [info] Extensions: No changes found during synchronizing extensions.
2024-03-08 13:38:24.134 [info] Profiles: No changes found during synchronizing profiles.
2024-03-08 13:38:24.135 [info] Sync done. Took 120ms
