2024-03-08 13:34:00.556 [info] Added views:workbench.panel.markers.view in workbench.panel.markers
2024-03-08 13:34:00.556 [info] Added views:workbench.panel.output in workbench.panel.output
2024-03-08 13:34:00.556 [info] Added views:terminal in terminal
2024-03-08 13:34:00.556 [info] Added views:outline in workbench.view.explorer
2024-03-08 13:34:00.556 [info] Added views:workbench.scm in workbench.view.scm
2024-03-08 13:34:00.556 [info] Added views:workbench.view.search in workbench.view.search
2024-03-08 13:34:00.556 [info] Added views:timeline in workbench.view.explorer
2024-03-08 13:34:00.556 [info] Added views:workbench.explorer.emptyView in workbench.view.explorer
2024-03-08 13:34:00.815 [info] Added views:workbench.debug.variablesView,workbench.debug.watchExpressionsView,workbench.debug.callStackView,workbench.debug.breakPointsView in workbench.view.debug
2024-03-08 13:34:01.717 [info] Added views:~remote.forwardedPorts in ~remote.forwardedPortsContainer
2024-03-08 13:34:01.843 [info] Added views:workbench.panel.repl.view in workbench.panel.repl
2024-03-08 13:34:01.844 [info] Removed views:workbench.debug.breakPointsView,workbench.debug.callStackView,workbench.debug.watchExpressionsView,workbench.debug.variablesView from workbench.view.debug
2024-03-08 13:34:01.845 [info] Added views:workbench.debug.welcome in workbench.view.debug
2024-03-08 13:36:58.014 [info] Added views:workbench.views.extensions.installed,workbench.views.extensions.popular,extensions.recommendedList in workbench.view.extensions
2024-03-08 13:36:58.017 [info] Removed views:workbench.views.extensions.popular from workbench.view.extensions
2024-03-08 13:36:58.701 [info] Removed views:extensions.recommendedList,workbench.views.extensions.installed from workbench.view.extensions
2024-03-08 13:36:58.709 [info] Added views:workbench.views.extensions.otherRecommendations in workbench.view.extensions
2024-03-08 13:37:13.757 [info] Added views:workbench.view.testing in workbench.view.extension.test
2024-03-08 13:38:17.191 [info] Removed views:workbench.view.testing from workbench.view.extension.test
2024-03-08 13:38:18.375 [info] Added views:workbench.panel.markers.view in workbench.panel.markers
2024-03-08 13:38:18.375 [info] Added views:workbench.panel.output in workbench.panel.output
2024-03-08 13:38:18.375 [info] Added views:terminal in terminal
2024-03-08 13:38:18.375 [info] Added views:outline in workbench.view.explorer
2024-03-08 13:38:18.375 [info] Added views:workbench.scm in workbench.view.scm
2024-03-08 13:38:18.375 [info] Added views:workbench.view.search in workbench.view.search
2024-03-08 13:38:18.375 [info] Added views:timeline in workbench.view.explorer
2024-03-08 13:38:18.375 [info] Added views:workbench.explorer.fileView in workbench.view.explorer
2024-03-08 13:38:19.048 [info] Added views:workbench.debug.variablesView,workbench.debug.watchExpressionsView,workbench.debug.callStackView,workbench.debug.breakPointsView in workbench.view.debug
2024-03-08 13:38:19.079 [info] Added views:workbench.panel.repl.view in workbench.panel.repl
2024-03-08 13:38:19.080 [info] Removed views:workbench.debug.breakPointsView,workbench.debug.callStackView,workbench.debug.watchExpressionsView,workbench.debug.variablesView from workbench.view.debug
2024-03-08 13:38:19.081 [info] Added views:workbench.debug.welcome in workbench.view.debug
2024-03-08 13:38:19.194 [info] Added views:~remote.forwardedPorts in ~remote.forwardedPortsContainer
2024-03-08 13:38:32.827 [info] Added views:workbench.view.testing in workbench.view.extension.test
2024-03-08 13:39:08.164 [info] Removed views:workbench.view.testing from workbench.view.extension.test
